[Sandcastle Help File Builder GUI, version 1.4.0.1]
Finding tools...
Found Sandcastle in 'C:\Program Files\Sandcastle\'
Found HTML 1.x help compiler in 'C:\Program Files\HTML Help Workshop\'
Validating documentation assembly information...
-------------------------------
Creating Sandcastle configuration file...
    Last step completed in 00:00:00.0469
-------------------------------
Generating shared content files (en-US)...
    Last step completed in 00:00:00.0781
-------------------------------
Generating reflection information...
[C:\Storage\Projects\SSO\SingleSignOn\SingleSignOn\Help\Working\GenerateRefInfo.bat]
MrefBuilder (v2.2.63000.2)
Copyright c Microsoft 2006
Info: Loaded 1 assemblies for reflection and 0 dependency assemblies.
Info: Wrote information on 1 namespaces, 1 types, and 10 members
    Last step completed in 00:00:01.4219
-------------------------------
Removing duplicate topics from reflection information file
    0 duplicate topics removed
    Last step completed in 00:00:00.0000
-------------------------------
Generating namespace summary information...
    Last step completed in 00:00:00.0156
-------------------------------
Applying visibility properties to reflection information file
    11 attribute nodes removed
    0 explicit interface implementations removed
    0 local and base class EII elements removed
    20 inherited member elements removed
    Last step completed in 00:00:00.0156
-------------------------------
Transforming reflection output...
[C:\Storage\Projects\SSO\SingleSignOn\SingleSignOn\Help\Working\TransformManifest.bat]
XslTransform (v2.2.63000.2)
Copyright c Microsoft 2005-2006
Info: Applying XSL transformation 'C:\Program Files\Sandcastle\ProductionTransforms\ApplyVSDocModel.xsl'.
Info: Applying XSL transformation 'C:\Program Files\Sandcastle\ProductionTransforms\AddGuidFilenames.xsl'.
XslTransform (v2.2.63000.2)
Copyright c Microsoft 2005-2006
Info: Applying XSL transformation 'C:\Program Files\Sandcastle\ProductionTransforms\ReflectionToManifest.xsl'.
    Last step completed in 00:00:02.0781
-------------------------------
Copying standard help content...
C:\Program Files\Sandcastle\Presentation\vs2005\icons\alert_caution.gif -> C:\Storage\Projects\SSO\SingleSignOn\SingleSignOn\Help\Working\Output\icons\alert_caution.gif
C:\Program Files\Sandcastle\Presentation\vs2005\icons\alert_note.gif -> C:\Storage\Projects\SSO\SingleSignOn\SingleSignOn\Help\Working\Output\icons\alert_note.gif
C:\Program Files\Sandcastle\Presentation\vs2005\icons\alert_security.gif -> C:\Storage\Projects\SSO\SingleSignOn\SingleSignOn\Help\Working\Output\icons\alert_security.gif
C:\Program Files\Sandcastle\Presentation\vs2005\icons\Caution.gif -> C:\Storage\Projects\SSO\SingleSignOn\SingleSignOn\Help\Working\Output\icons\Caution.gif
C:\Program Files\Sandcastle\Presentation\vs2005\icons\CFW.gif -> C:\Storage\Projects\SSO\SingleSignOn\SingleSignOn\Help\Working\Output\icons\CFW.gif
C:\Program Files\Sandcastle\Presentation\vs2005\icons\collall.gif -> C:\Storage\Projects\SSO\SingleSignOn\SingleSignOn\Help\Working\Output\icons\collall.gif
C:\Program Files\Sandcastle\Presentation\vs2005\icons\collapse_all.gif -> C:\Storage\Projects\SSO\SingleSignOn\SingleSignOn\Help\Working\Output\icons\collapse_all.gif
C:\Program Files\Sandcastle\Presentation\vs2005\icons\copycode.gif -> C:\Storage\Projects\SSO\SingleSignOn\SingleSignOn\Help\Working\Output\icons\copycode.gif
C:\Program Files\Sandcastle\Presentation\vs2005\icons\copycodeHighlight.gif -> C:\Storage\Projects\SSO\SingleSignOn\SingleSignOn\Help\Working\Output\icons\copycodeHighlight.gif
C:\Program Files\Sandcastle\Presentation\vs2005\icons\drpdown.gif -> C:\Storage\Projects\SSO\SingleSignOn\SingleSignOn\Help\Working\Output\icons\drpdown.gif
C:\Program Files\Sandcastle\Presentation\vs2005\icons\drpdown_orange.gif -> C:\Storage\Projects\SSO\SingleSignOn\SingleSignOn\Help\Working\Output\icons\drpdown_orange.gif
C:\Program Files\Sandcastle\Presentation\vs2005\icons\exp.gif -> C:\Storage\Projects\SSO\SingleSignOn\SingleSignOn\Help\Working\Output\icons\exp.gif
C:\Program Files\Sandcastle\Presentation\vs2005\icons\expall.gif -> C:\Storage\Projects\SSO\SingleSignOn\SingleSignOn\Help\Working\Output\icons\expall.gif
C:\Program Files\Sandcastle\Presentation\vs2005\icons\expand_all.gif -> C:\Storage\Projects\SSO\SingleSignOn\SingleSignOn\Help\Working\Output\icons\expand_all.gif
C:\Program Files\Sandcastle\Presentation\vs2005\icons\footer.gif -> C:\Storage\Projects\SSO\SingleSignOn\SingleSignOn\Help\Working\Output\icons\footer.gif
C:\Program Files\Sandcastle\Presentation\vs2005\icons\LastChild.gif -> C:\Storage\Projects\SSO\SingleSignOn\SingleSignOn\Help\Working\Output\icons\LastChild.gif
C:\Program Files\Sandcastle\Presentation\vs2005\icons\privclass.gif -> C:\Storage\Projects\SSO\SingleSignOn\SingleSignOn\Help\Working\Output\icons\privclass.gif
C:\Program Files\Sandcastle\Presentation\vs2005\icons\privdelicate.gif -> C:\Storage\Projects\SSO\SingleSignOn\SingleSignOn\Help\Working\Output\icons\privdelicate.gif
C:\Program Files\Sandcastle\Presentation\vs2005\icons\privenum.gif -> C:\Storage\Projects\SSO\SingleSignOn\SingleSignOn\Help\Working\Output\icons\privenum.gif
C:\Program Files\Sandcastle\Presentation\vs2005\icons\privevent.gif -> C:\Storage\Projects\SSO\SingleSignOn\SingleSignOn\Help\Working\Output\icons\privevent.gif
C:\Program Files\Sandcastle\Presentation\vs2005\icons\privfield.gif -> C:\Storage\Projects\SSO\SingleSignOn\SingleSignOn\Help\Working\Output\icons\privfield.gif
C:\Program Files\Sandcastle\Presentation\vs2005\icons\privinterface.gif -> C:\Storage\Projects\SSO\SingleSignOn\SingleSignOn\Help\Working\Output\icons\privinterface.gif
C:\Program Files\Sandcastle\Presentation\vs2005\icons\privmethod.gif -> C:\Storage\Projects\SSO\SingleSignOn\SingleSignOn\Help\Working\Output\icons\privmethod.gif
C:\Program Files\Sandcastle\Presentation\vs2005\icons\privproperty.gif -> C:\Storage\Projects\SSO\SingleSignOn\SingleSignOn\Help\Working\Output\icons\privproperty.gif
C:\Program Files\Sandcastle\Presentation\vs2005\icons\privstructure.gif -> C:\Storage\Projects\SSO\SingleSignOn\SingleSignOn\Help\Working\Output\icons\privstructure.gif
C:\Program Files\Sandcastle\Presentation\vs2005\icons\protclass.gif -> C:\Storage\Projects\SSO\SingleSignOn\SingleSignOn\Help\Working\Output\icons\protclass.gif
C:\Program Files\Sandcastle\Presentation\vs2005\icons\protdeligate.gif -> C:\Storage\Projects\SSO\SingleSignOn\SingleSignOn\Help\Working\Output\icons\protdeligate.gif
C:\Program Files\Sandcastle\Presentation\vs2005\icons\protenum.gif -> C:\Storage\Projects\SSO\SingleSignOn\SingleSignOn\Help\Working\Output\icons\protenum.gif
C:\Program Files\Sandcastle\Presentation\vs2005\icons\protevent.gif -> C:\Storage\Projects\SSO\SingleSignOn\SingleSignOn\Help\Working\Output\icons\protevent.gif
C:\Program Files\Sandcastle\Presentation\vs2005\icons\protfield.gif -> C:\Storage\Projects\SSO\SingleSignOn\SingleSignOn\Help\Working\Output\icons\protfield.gif
C:\Program Files\Sandcastle\Presentation\vs2005\icons\protinterface.gif -> C:\Storage\Projects\SSO\SingleSignOn\SingleSignOn\Help\Working\Output\icons\protinterface.gif
C:\Program Files\Sandcastle\Presentation\vs2005\icons\protmethod.gif -> C:\Storage\Projects\SSO\SingleSignOn\SingleSignOn\Help\Working\Output\icons\protmethod.gif
C:\Program Files\Sandcastle\Presentation\vs2005\icons\protoperator.gif -> C:\Storage\Projects\SSO\SingleSignOn\SingleSignOn\Help\Working\Output\icons\protoperator.gif
C:\Program Files\Sandcastle\Presentation\vs2005\icons\protproperty.gif -> C:\Storage\Projects\SSO\SingleSignOn\SingleSignOn\Help\Working\Output\icons\protproperty.gif
C:\Program Files\Sandcastle\Presentation\vs2005\icons\protstructure.gif -> C:\Storage\Projects\SSO\SingleSignOn\SingleSignOn\Help\Working\Output\icons\protstructure.gif
C:\Program Files\Sandcastle\Presentation\vs2005\icons\pubclass.gif -> C:\Storage\Projects\SSO\SingleSignOn\SingleSignOn\Help\Working\Output\icons\pubclass.gif
C:\Program Files\Sandcastle\Presentation\vs2005\icons\pubdelegate.gif -> C:\Storage\Projects\SSO\SingleSignOn\SingleSignOn\Help\Working\Output\icons\pubdelegate.gif
C:\Program Files\Sandcastle\Presentation\vs2005\icons\pubenum.gif -> C:\Storage\Projects\SSO\SingleSignOn\SingleSignOn\Help\Working\Output\icons\pubenum.gif
C:\Program Files\Sandcastle\Presentation\vs2005\icons\pubevent.gif -> C:\Storage\Projects\SSO\SingleSignOn\SingleSignOn\Help\Working\Output\icons\pubevent.gif
C:\Program Files\Sandcastle\Presentation\vs2005\icons\pubfield.gif -> C:\Storage\Projects\SSO\SingleSignOn\SingleSignOn\Help\Working\Output\icons\pubfield.gif
C:\Program Files\Sandcastle\Presentation\vs2005\icons\pubinterface.gif -> C:\Storage\Projects\SSO\SingleSignOn\SingleSignOn\Help\Working\Output\icons\pubinterface.gif
C:\Program Files\Sandcastle\Presentation\vs2005\icons\pubmethod.gif -> C:\Storage\Projects\SSO\SingleSignOn\SingleSignOn\Help\Working\Output\icons\pubmethod.gif
C:\Program Files\Sandcastle\Presentation\vs2005\icons\puboperator.gif -> C:\Storage\Projects\SSO\SingleSignOn\SingleSignOn\Help\Working\Output\icons\puboperator.gif
C:\Program Files\Sandcastle\Presentation\vs2005\icons\pubproperty.gif -> C:\Storage\Projects\SSO\SingleSignOn\SingleSignOn\Help\Working\Output\icons\pubproperty.gif
C:\Program Files\Sandcastle\Presentation\vs2005\icons\pubstructure.gif -> C:\Storage\Projects\SSO\SingleSignOn\SingleSignOn\Help\Working\Output\icons\pubstructure.gif
C:\Program Files\Sandcastle\Presentation\vs2005\icons\security.gif -> C:\Storage\Projects\SSO\SingleSignOn\SingleSignOn\Help\Working\Output\icons\security.gif
C:\Program Files\Sandcastle\Presentation\vs2005\icons\static.gif -> C:\Storage\Projects\SSO\SingleSignOn\SingleSignOn\Help\Working\Output\icons\static.gif
C:\Program Files\Sandcastle\Presentation\vs2005\scripts\Dropdown.js -> C:\Storage\Projects\SSO\SingleSignOn\SingleSignOn\Help\Working\Output\scripts\Dropdown.js
C:\Program Files\Sandcastle\Presentation\vs2005\scripts\EventUtilities.js -> C:\Storage\Projects\SSO\SingleSignOn\SingleSignOn\Help\Working\Output\scripts\EventUtilities.js
C:\Program Files\Sandcastle\Presentation\vs2005\scripts\script_manifold.js -> C:\Storage\Projects\SSO\SingleSignOn\SingleSignOn\Help\Working\Output\scripts\script_manifold.js
C:\Program Files\Sandcastle\Presentation\vs2005\scripts\SplitScreen.js -> C:\Storage\Projects\SSO\SingleSignOn\SingleSignOn\Help\Working\Output\scripts\SplitScreen.js
C:\Program Files\Sandcastle\Presentation\vs2005\styles\presentation.css -> C:\Storage\Projects\SSO\SingleSignOn\SingleSignOn\Help\Working\Output\styles\presentation.css
    Last step completed in 00:00:00.5156

Building help topics...
[C:\Storage\Projects\SSO\SingleSignOn\SingleSignOn\Help\Working\BuildHelpTopics.bat]
BuildAssembler (v2.2.63000.2)
Copyright c Microsoft 2006
Info: CopyFromFileComponent: Instantiating component.
Info: CopyFromFileComponent: Loading data file 'C:\Program Files\Sandcastle\Presentation\vs2005\transforms\skeleton.xml'.
Info: CopyFromIndexComponent: Instantiating component.
Info: CopyFromIndexComponent: Searching for files that match 'reflection.xml'.
Info: CopyFromIndexComponent: Searching for files that match 'C:\Program Files\Sandcastle\Data\Cpref_reflection\*.xml'.
Info: CopyFromIndexComponent: Indexed 149258 elements in 105 files.
Info: CopyFromIndexComponent: Instantiating component.
Info: ForEachComponent: Instantiating component.
Info: ForEachComponent: Loading subcomponents.
Info: CopyFromIndexComponent: Instantiating component.
Info: ForEachComponent: Loaded 1 subcomponents.
Info: ForEachComponent: Instantiating component.
Info: ForEachComponent: Loading subcomponents.
Info: CopyFromIndexComponent: Instantiating component.
Info: ForEachComponent: Loaded 1 subcomponents.
Info: IfThenComponent: Instantiating component.
Info: SyntaxComponent: Instantiating component.
Info: SyntaxComponent: Loaded 3 syntax generators.
Info: CopyFromIndexComponent: Instantiating component.
Info: CopyFromIndexComponent: Searching for files that match 'C:\Storage\Projects\SSO\SingleSignOn\SingleSignOn\Help\Working\SingleSignOn.xml'.
Info: CopyFromIndexComponent: Searching for files that match 'C:\WINDOWS\Microsoft.NET\Framework\v2.0.50727\*.xml'.
Info: CopyFromIndexComponent: Indexed 75473 elements in 66 files.
Info: ForEachComponent: Instantiating component.
Info: ForEachComponent: Loading subcomponents.
Info: IfThenComponent: Instantiating component.
Info: CopyFromIndexComponent: Instantiating component.
Info: CopyFromIndexComponent: Instantiating component.
Info: ForEachComponent: Loaded 2 subcomponents.
Info: CopyFromIndexComponent: Instantiating component.
Info: ShowMissingComponent: Instantiating component.
Info: ShowMissingComponent: 
    [Sandcastle Help File Builder Components, version 1.4.0.1]
    Show Missing Documentation Component. Copyright c 2006-2007, Eric Woodruff, All Rights Reserved
    http://www.codeplex.com/SHFB
Info: ShowMissingComponent:   All Show Missing options are disabled.  The component will do nothing.
Info: VersionInfoComponent: Instantiating component.
Info: VersionInfoComponent: 
    [Sandcastle Help File Builder Components, version 1.4.0.1]
    Version Information Component. Copyright c 2006-2007, Eric Woodruff, All Rights Reserved
    http://www.codeplex.com/SHFB
Info: CodeBlockComponent: Instantiating component.
Info: CodeBlockComponent: 
    [Sandcastle Help File Builder Components, version 1.4.0.1]
    Code Block Component. Copyright c 2006-2007, Eric Woodruff, All Rights Reserved.
    Portions copyright (c) 2003, Jonathan de Halleux, All rights reserved.
    http://www.codeplex.com/SHFB
Info: TransformComponent: Instantiating component.
Info: PostTransformComponent: Instantiating component.
Info: PostTransformComponent: 
    [Sandcastle Help File Builder Components, version 1.4.0.1]
    Post-Transform Component. Copyright c 2006-2007, Eric Woodruff, All Rights Reserved
    http://www.codeplex.com/SHFB
Info: SharedContentComponent: Instantiating component.
Info: SharedContentComponent: Loading shared content file 'shared_content.xml'.
Info: SharedContentComponent: Loading shared content file 'reference_content.xml'.
Info: SharedContentComponent: Overriding shared content item 'remarkstitle' with value in file 'reference_content.xml'.
Info: SharedContentComponent: Overriding shared content item 'namespacenameheader' with value in file 'reference_content.xml'.
Info: SharedContentComponent: Loading shared content file 'syntax_content.xml'.
Info: SharedContentComponent: Loaded 382 shared content items.
Info: ResolveReferenceLinksComponent: Instantiating component.
Info: ResolveReferenceLinksComponent: Indexed 149258 reference link targets.
Info: SaveComponent: Instantiating component.
Info: BuildAssembler: Building topic R:Project
Info: BuildAssembler: Building topic N:CambridgeSoft.COE.Security.Services
Info: BuildAssembler: Building topic T:CambridgeSoft.COE.Security.Services.SingleSignOn
Info: ResolveReferenceLinksComponent: Preparing to query MSDN topic URL web service.
Info: BuildAssembler: Building topic AllMembers.T:CambridgeSoft.COE.Security.Services.SingleSignOn
Info: BuildAssembler: Building topic Methods.T:CambridgeSoft.COE.Security.Services.SingleSignOn
Info: BuildAssembler: Building topic M:CambridgeSoft.COE.Security.Services.SingleSignOn.#ctor
Info: BuildAssembler: Building topic M:CambridgeSoft.COE.Security.Services.SingleSignOn.Authenticate(System.String,System.String)
Info: BuildAssembler: Building topic M:CambridgeSoft.COE.Security.Services.SingleSignOn.EchoString(System.String)
Info: BuildAssembler: Building topic M:CambridgeSoft.COE.Security.Services.SingleSignOn.GetAuthenticationTicket(System.String,System.String)
Info: BuildAssembler: Building topic M:CambridgeSoft.COE.Security.Services.SingleSignOn.GetCookieName
Info: BuildAssembler: Building topic M:CambridgeSoft.COE.Security.Services.SingleSignOn.GetTicketExpirationDate(System.String)
Info: BuildAssembler: Building topic M:CambridgeSoft.COE.Security.Services.SingleSignOn.GetTicketIssueDate(System.String)
Info: BuildAssembler: Building topic M:CambridgeSoft.COE.Security.Services.SingleSignOn.GetUserFromTicket(System.String)
Info: BuildAssembler: Building topic M:CambridgeSoft.COE.Security.Services.SingleSignOn.RenewTicketIfOld(System.String)
Info: BuildAssembler: Building topic M:CambridgeSoft.COE.Security.Services.SingleSignOn.ValidateTicket(System.String)
Info: Processed 15 topics
    Last step completed in 00:00:42.8281
-------------------------------
Generating table of content for HTML Help 1.x file...
[C:\Storage\Projects\SSO\SingleSignOn\SingleSignOn\Help\Working\Generate1xTOC.bat]
XslTransform (v2.2.63000.2)
Copyright c Microsoft 2005-2006
Info: Applying XSL transformation 'C:\Program Files\Sandcastle\ProductionTransforms\CreateVSToc.xsl'.
XslTransform (v2.2.63000.2)
Copyright c Microsoft 2005-2006
Info: Applying XSL transformation 'C:\Program Files\Sandcastle\ProductionTransforms\TocToChmContents.xsl'.
    Last step completed in 00:00:01.5156
Updating table of content with additional content items and determining default topic ...
    Last step completed in 00:00:00.0000
-------------------------------
Generating help file index...
[C:\Storage\Projects\SSO\SingleSignOn\SingleSignOn\Help\Working\Generate1xIndex.bat]
XslTransform (v2.2.63000.2)
Copyright c Microsoft 2005-2006
Info: Applying XSL transformation 'C:\Program Files\Sandcastle\ProductionTransforms\ReflectionToChmIndex.xsl'.
    Last step completed in 00:00:00.5156
-------------------------------
Generating help project file...
    Last step completed in 00:00:00.0156
-------------------------------
Compiling the help file...
[C:\Storage\Projects\SSO\SingleSignOn\SingleSignOn\Help\Working\Build1xHelpFile.bat]
Microsoft HTML Help Compiler 4.74.8702



Compiling c:\Storage\Projects\SSO\SingleSignOn\SingleSignOn\Help\Working\Output\SingleSignOn.chm





Compile time: 0 minutes, 2 seconds

17	Topics

98	Local links

73	Internet links

0	Graphics





Created c:\Storage\Projects\SSO\SingleSignOn\SingleSignOn\Help\Working\Output\SingleSignOn.chm, 58,785 bytes

Compression decreased file by 197,702 bytes.

    Last step completed in 00:00:03.8125
Removing intermediate files...
    Last step completed in 00:00:00.2188


Build completed successfully.  Total time: 00:00:53.1563

