<?xml version="1.0" encoding="utf-8"?>
<CatapultTargetOutput GeneratedTarget="/Output/Carla/DataLoader Webhelp/Default.htm" BuildVersion="7.2.1.0" AliasFile="/Output/Carla/DataLoader Webhelp/Data/Alias.xml">
    <Files>
        <Url Source="Output/Carla/DataLoader Webhelp/Content/Resources/Stylesheets/help_ie.css" />
        <Url Source="Output/Carla/DataLoader Webhelp/Content/Glossary.htm" />
        <Url Source="Output/Carla/DataLoader Webhelp/Content/Resources/Images/add group icon.gif" />
        <Url Source="Output/Carla/DataLoader Webhelp/Content/Resources/Images/add role.gif" />
        <Url Source="Output/Carla/DataLoader Webhelp/Content/Resources/Images/add topic to favorites.gif" />
        <Url Source="Output/Carla/DataLoader Webhelp/Content/Resources/Images/add user.gif" />
        <Url Source="Output/Carla/DataLoader Webhelp/Content/Resources/Images/add users dialog.gif" />
        <Url Source="Output/Carla/DataLoader Webhelp/Content/Resources/Images/assigning roles.gif" />
        <Url Source="Output/Carla/DataLoader Webhelp/Content/Resources/Images/back button.gif" />
        <Url Source="Output/Carla/DataLoader Webhelp/Content/Resources/Images/CBOE applications.gif" />
        <Url Source="Output/Carla/DataLoader Webhelp/Content/Resources/Images/collapse all.gif" />
        <Url Source="Output/Carla/DataLoader Webhelp/Content/Resources/Images/customizing the webhelp toolbar.gif" />
        <Url Source="Output/Carla/DataLoader Webhelp/Content/Resources/Images/delete a role.gif" />
        <Url Source="Output/Carla/DataLoader Webhelp/Content/Resources/Images/delete button.gif" />
        <Url Source="Output/Carla/DataLoader Webhelp/Content/Resources/Images/delete group.gif" />
        <Url Source="Output/Carla/DataLoader Webhelp/Content/Resources/Images/delete users.gif" />
        <Url Source="Output/Carla/DataLoader Webhelp/Content/Resources/Images/edit a role.gif" />
        <Url Source="Output/Carla/DataLoader Webhelp/Content/Resources/Images/edit a role2.gif" />
        <Url Source="Output/Carla/DataLoader Webhelp/Content/Resources/Images/edit group.gif" />
        <Url Source="Output/Carla/DataLoader Webhelp/Content/Resources/Images/edit icon.gif" />
        <Url Source="Output/Carla/DataLoader Webhelp/Content/Resources/Images/edit roles.gif" />
        <Url Source="Output/Carla/DataLoader Webhelp/Content/Resources/Images/edit users.gif" />
        <Url Source="Output/Carla/DataLoader Webhelp/Content/Resources/Images/edit users2.gif" />
        <Url Source="Output/Carla/DataLoader Webhelp/Content/Resources/Images/edit users3.gif" />
        <Url Source="Output/Carla/DataLoader Webhelp/Content/Resources/Images/edit users4.gif" />
        <Url Source="Output/Carla/DataLoader Webhelp/Content/Resources/Images/enable group security.gif" />
        <Url Source="Output/Carla/DataLoader Webhelp/Content/Resources/Images/error deleting.gif" />
        <Url Source="Output/Carla/DataLoader Webhelp/Content/Resources/Images/expand all.gif" />
        <Url Source="Output/Carla/DataLoader Webhelp/Content/Resources/Images/forward button.gif" />
        <Url Source="Output/Carla/DataLoader Webhelp/Content/Resources/Images/group added.gif" />
        <Url Source="Output/Carla/DataLoader Webhelp/Content/Resources/Images/group details.gif" />
        <Url Source="Output/Carla/DataLoader Webhelp/Content/Resources/Images/group edited.gif" />
        <Url Source="Output/Carla/DataLoader Webhelp/Content/Resources/Images/group moved.gif" />
        <Url Source="Output/Carla/DataLoader Webhelp/Content/Resources/Images/GS application.gif" />
        <Url Source="Output/Carla/DataLoader Webhelp/Content/Resources/Images/home button.gif" />
        <Url Source="Output/Carla/DataLoader Webhelp/Content/Resources/Images/log in to CBOE.gif" />
        <Url Source="Output/Carla/DataLoader Webhelp/Content/Resources/Images/manage groups icon.gif" />
        <Url Source="Output/Carla/DataLoader Webhelp/Content/Resources/Images/manage users dialog.gif" />
        <Url Source="Output/Carla/DataLoader Webhelp/Content/Resources/Images/manage users icon.gif" />
        <Url Source="Output/Carla/DataLoader Webhelp/Content/Resources/Images/managing roles.gif" />
        <Url Source="Output/Carla/DataLoader Webhelp/Content/Resources/Images/managing roles2.gif" />
        <Url Source="Output/Carla/DataLoader Webhelp/Content/Resources/Images/move buttons.gif" />
        <Url Source="Output/Carla/DataLoader Webhelp/Content/Resources/Images/move group dialog.gif" />
        <Url Source="Output/Carla/DataLoader Webhelp/Content/Resources/Images/move icon.gif" />
        <Url Source="Output/Carla/DataLoader Webhelp/Content/Resources/Images/moving users.gif" />
        <Url Source="Output/Carla/DataLoader Webhelp/Content/Resources/Images/new role.gif" />
        <Url Source="Output/Carla/DataLoader Webhelp/Content/Resources/Images/PKE logo.gif" />
        <Url Source="Output/Carla/DataLoader Webhelp/Content/Resources/Images/print.gif" />
        <Url Source="Output/Carla/DataLoader Webhelp/Content/Resources/Images/quick search.gif" />
        <Url Source="Output/Carla/DataLoader Webhelp/Content/Resources/Images/refresh button.gif" />
        <Url Source="Output/Carla/DataLoader Webhelp/Content/Resources/Images/remove highlight.gif" />
        <Url Source="Output/Carla/DataLoader Webhelp/Content/Resources/Images/removing users.gif" />
        <Url Source="Output/Carla/DataLoader Webhelp/Content/Resources/Images/search button.gif" />
        <Url Source="Output/Carla/DataLoader Webhelp/Content/Resources/Images/select favorites button.gif" />
        <Url Source="Output/Carla/DataLoader Webhelp/Content/Resources/Images/select index button.gif" />
        <Url Source="Output/Carla/DataLoader Webhelp/Content/Resources/Images/select Oracle role.gif" />
        <Url Source="Output/Carla/DataLoader Webhelp/Content/Resources/Images/select TOC button.gif" />
        <Url Source="Output/Carla/DataLoader Webhelp/Content/Resources/Images/stop button.gif" />
        <Url Source="Output/Carla/DataLoader Webhelp/Content/Resources/Images/super users.gif" />
        <Url Source="Output/Carla/DataLoader Webhelp/Content/Resources/Images/Thumbs.db" />
        <Url Source="Output/Carla/DataLoader Webhelp/Content/Resources/Images/toggle navigation pane.gif" />
        <Url Source="Output/Carla/DataLoader Webhelp/Content/Resources/Images/user details.gif" />
        <Url Source="Output/Carla/DataLoader Webhelp/Content/Resources/Images/user info dialog.gif" />
        <Url Source="Output/Carla/DataLoader Webhelp/Content/Resources/Images/users added.gif" />
        <Url Source="Output/Carla/DataLoader Webhelp/Content/Resources/Images/users removed.gif" />
        <Url Source="Output/Carla/DataLoader Webhelp/Content/Resources/Images/Webhelp toolbar.gif" />
        <Url Source="Output/Carla/DataLoader Webhelp/Content/Resources/Images/BioSARBrowser/add remove schemas.gif" />
        <Url Source="Output/Carla/DataLoader Webhelp/Content/Resources/Images/BioSARBrowser/all schemas.gif" />
        <Url Source="Output/Carla/DataLoader Webhelp/Content/Resources/Images/BioSARBrowser/css_regnumber.gif" />
        <Url Source="Output/Carla/DataLoader Webhelp/Content/Resources/Images/BioSARBrowser/edit schema pwd.gif" />
        <Url Source="Output/Carla/DataLoader Webhelp/Content/Resources/Images/BioSARBrowser/field properties.gif" />
        <Url Source="Output/Carla/DataLoader Webhelp/Content/Resources/Images/BioSARBrowser/global_manage_schema.gif" />
        <Url Source="Output/Carla/DataLoader Webhelp/Content/Resources/Images/BioSARBrowser/organization tab.gif" />
        <Url Source="Output/Carla/DataLoader Webhelp/Content/Resources/Images/BioSARBrowser/parent column.gif" />
        <Url Source="Output/Carla/DataLoader Webhelp/Content/Resources/Images/BioSARBrowser/schema password.gif" />
        <Url Source="Output/Carla/DataLoader Webhelp/Content/Resources/Images/BioSARBrowser/schema_management.gif" />
        <Url Source="Output/Carla/DataLoader Webhelp/Content/Resources/Images/BioSARBrowser/security tab.gif" />
        <Url Source="Output/Carla/DataLoader Webhelp/Content/Resources/Images/BioSARBrowser/table fields.gif" />
        <Url Source="Output/Carla/DataLoader Webhelp/Content/Resources/Images/BioSARBrowser/view mixture batch.gif" />
        <Url Source="Output/Carla/DataLoader Webhelp/Content/Resources/Images/ChemOfficeWebserver/adding a user account.gif" />
        <Url Source="Output/Carla/DataLoader Webhelp/Content/Resources/Images/ChemOfficeWebserver/CBOE webserver home page.gif" />
        <Url Source="Output/Carla/DataLoader Webhelp/Content/Resources/Images/ChemOfficeWebserver/COWeb Wizard1.gif" />
        <Url Source="Output/Carla/DataLoader Webhelp/Content/Resources/Images/ChemOfficeWebserver/COWeb Wizard2.gif" />
        <Url Source="Output/Carla/DataLoader Webhelp/Content/Resources/Images/ChemOfficeWebserver/COWeb Wizard3.gif" />
        <Url Source="Output/Carla/DataLoader Webhelp/Content/Resources/Images/ChemOfficeWebserver/COWeb Wizard4.gif" />
        <Url Source="Output/Carla/DataLoader Webhelp/Content/Resources/Images/ChemOfficeWebserver/COWeb Wizard5.gif" />
        <Url Source="Output/Carla/DataLoader Webhelp/Content/Resources/Images/ChemOfficeWebserver/COWeb Wizard6.gif" />
        <Url Source="Output/Carla/DataLoader Webhelp/Content/Resources/Images/ChemOfficeWebserver/COWeb Wizard7.gif" />
        <Url Source="Output/Carla/DataLoader Webhelp/Content/Resources/Images/ChemOfficeWebserver/create new web application btn.gif" />
        <Url Source="Output/Carla/DataLoader Webhelp/Content/Resources/Images/ChemOfficeWebserver/hover highlight color.gif" />
        <Url Source="Output/Carla/DataLoader Webhelp/Content/Resources/Images/ChemOfficeWebserver/hover shadow color.gif" />
        <Url Source="Output/Carla/DataLoader Webhelp/Content/Resources/Images/ChemOfficeWebserver/hover text color.gif" />
        <Url Source="Output/Carla/DataLoader Webhelp/Content/Resources/Images/ChemOfficeWebserver/inner highlight color.gif" />
        <Url Source="Output/Carla/DataLoader Webhelp/Content/Resources/Images/ChemOfficeWebserver/inner shadow color.gif" />
        <Url Source="Output/Carla/DataLoader Webhelp/Content/Resources/Images/ChemOfficeWebserver/log in btn.gif" />
        <Url Source="Output/Carla/DataLoader Webhelp/Content/Resources/Images/ChemOfficeWebserver/log in page.gif" />
        <Url Source="Output/Carla/DataLoader Webhelp/Content/Resources/Images/ChemOfficeWebserver/next btn.gif" />
        <Url Source="Output/Carla/DataLoader Webhelp/Content/Resources/Images/ChemOfficeWebserver/outer highlight color.gif" />
        <Url Source="Output/Carla/DataLoader Webhelp/Content/Resources/Images/ChemOfficeWebserver/outer shadow color.gif" />
        <Url Source="Output/Carla/DataLoader Webhelp/Content/Resources/Images/ChemOfficeWebserver/selected color.gif" />
        <Url Source="Output/Carla/DataLoader Webhelp/Content/Resources/Images/ChemOfficeWebserver/selected highlight color.gif" />
        <Url Source="Output/Carla/DataLoader Webhelp/Content/Resources/Images/ChemOfficeWebserver/selected text color.gif" />
        <Url Source="Output/Carla/DataLoader Webhelp/Content/Resources/Images/ChemOfficeWebserver/web administration page.gif" />
        <Url Source="Output/Carla/DataLoader Webhelp/Content/Resources/Images/ConfigLoader/calculation.gif" />
        <Url Source="Output/Carla/DataLoader Webhelp/Content/Resources/Images/ConfigLoader/data loader.gif" />
        <Url Source="Output/Carla/DataLoader Webhelp/Content/Resources/Images/ConfigLoader/data loader1.gif" />
        <Url Source="Output/Carla/DataLoader Webhelp/Content/Resources/Images/ConfigLoader/data loader2.gif" />
        <Url Source="Output/Carla/DataLoader Webhelp/Content/Resources/Images/ConfigLoader/data loader3.gif" />
        <Url Source="Output/Carla/DataLoader Webhelp/Content/Resources/Images/ConfigLoader/data loader4.gif" />
        <Url Source="Output/Carla/DataLoader Webhelp/Content/Resources/Images/ConfigLoader/data_loader.gif" />
        <Url Source="Output/Carla/DataLoader Webhelp/Content/Resources/Images/ConfigLoader/export data1.gif" />
        <Url Source="Output/Carla/DataLoader Webhelp/Content/Resources/Images/ConfigLoader/export data2.gif" />
        <Url Source="Output/Carla/DataLoader Webhelp/Content/Resources/Images/ConfigLoader/export data3.gif" />
        <Url Source="Output/Carla/DataLoader Webhelp/Content/Resources/Images/ConfigLoader/export data4.gif" />
        <Url Source="Output/Carla/DataLoader Webhelp/Content/Resources/Images/ConfigLoader/export data5.gif" />
        <Url Source="Output/Carla/DataLoader Webhelp/Content/Resources/Images/ConfigLoader/export to an xml.gif" />
        <Url Source="Output/Carla/DataLoader Webhelp/Content/Resources/Images/ConfigLoader/exporting data.gif" />
        <Url Source="Output/Carla/DataLoader Webhelp/Content/Resources/Images/ConfigLoader/exporting data2.gif" />
        <Url Source="Output/Carla/DataLoader Webhelp/Content/Resources/Images/ConfigLoader/importing data.gif" />
        <Url Source="Output/Carla/DataLoader Webhelp/Content/Resources/Images/ConfigLoader/importing data2.gif" />
        <Url Source="Output/Carla/DataLoader Webhelp/Content/Resources/Images/ConfigLoader/log in screen.gif" />
        <Url Source="Output/Carla/DataLoader Webhelp/Content/Resources/Images/ConfigLoader/pending review.gif" />
        <Url Source="Output/Carla/DataLoader Webhelp/Content/Resources/Images/ConfigLoader/pending review1.gif" />
        <Url Source="Output/Carla/DataLoader Webhelp/Content/Resources/Images/ConfigLoader/pending review2.gif" />
        <Url Source="Output/Carla/DataLoader Webhelp/Content/Resources/Images/ConfigLoader/pending review3.gif" />
        <Url Source="Output/Carla/DataLoader Webhelp/Content/Resources/Images/ConfigLoader/sorting data.gif" />
        <Url Source="Output/Carla/DataLoader Webhelp/Content/Resources/Images/ConfigLoader/task section.gif" />
        <Url Source="Output/Carla/DataLoader Webhelp/Content/Resources/Images/DataLoader/batchmarkform.gif" />
        <Url Source="Output/Carla/DataLoader Webhelp/Content/Resources/Images/DataLoader/export to a xml2.gif" />
        <Url Source="Output/Carla/DataLoader Webhelp/Content/Resources/Images/DataLoader/export to an xml.gif" />
        <Url Source="Output/Carla/DataLoader Webhelp/Content/Resources/Images/DataLoader/export to an xml2.gif" />
        <Url Source="Output/Carla/DataLoader Webhelp/Content/Resources/Images/DataLoader/export to an xml3.gif" />
        <Url Source="Output/Carla/DataLoader Webhelp/Content/Resources/Images/DataLoader/export to an xml4.gif" />
        <Url Source="Output/Carla/DataLoader Webhelp/Content/Resources/Images/DataLoader/extended duplicate checking.gif" />
        <Url Source="Output/Carla/DataLoader Webhelp/Content/Resources/Images/DataLoader/field mapping.gif" />
        <Url Source="Output/Carla/DataLoader Webhelp/Content/Resources/Images/DataLoader/fragment example.gif" />
        <Url Source="Output/Carla/DataLoader Webhelp/Content/Resources/Images/DataLoader/help option.gif" />
        <Url Source="Output/Carla/DataLoader Webhelp/Content/Resources/Images/DataLoader/import progress.gif" />
        <Url Source="Output/Carla/DataLoader Webhelp/Content/Resources/Images/DataLoader/import report.gif" />
        <Url Source="Output/Carla/DataLoader Webhelp/Content/Resources/Images/DataLoader/import report2.gif" />
        <Url Source="Output/Carla/DataLoader Webhelp/Content/Resources/Images/DataLoader/job summary.gif" />
        <Url Source="Output/Carla/DataLoader Webhelp/Content/Resources/Images/DataLoader/job summary1.gif" />
        <Url Source="Output/Carla/DataLoader Webhelp/Content/Resources/Images/DataLoader/load settings new.gif" />
        <Url Source="Output/Carla/DataLoader Webhelp/Content/Resources/Images/DataLoader/load settings.gif" />
        <Url Source="Output/Carla/DataLoader Webhelp/Content/Resources/Images/DataLoader/loading from dialog.gif" />
        <Url Source="Output/Carla/DataLoader Webhelp/Content/Resources/Images/DataLoader/new dataloader login.gif" />
        <Url Source="Output/Carla/DataLoader Webhelp/Content/Resources/Images/DataLoader/new files.gif" />
        <Url Source="Output/Carla/DataLoader Webhelp/Content/Resources/Images/DataLoader/save settings new.gif" />
        <Url Source="Output/Carla/DataLoader Webhelp/Content/Resources/Images/DataLoader/save settings.gif" />
        <Url Source="Output/Carla/DataLoader Webhelp/Content/Resources/Images/DataLoader/scan progress.gif" />
        <Url Source="Output/Carla/DataLoader Webhelp/Content/Resources/Images/DataLoader/split file.gif" />
        <Url Source="Output/Carla/DataLoader Webhelp/Content/Resources/Images/DataLoader/view form.gif" />
        <Url Source="Output/Carla/DataLoader Webhelp/Content/Resources/Images/DataViewManager/add schema link.gif" />
        <Url Source="Output/Carla/DataLoader Webhelp/Content/Resources/Images/DataViewManager/Add schema selection 2.png" />
        <Url Source="Output/Carla/DataLoader Webhelp/Content/Resources/Images/DataViewManager/Add schema selection.png" />
        <Url Source="Output/Carla/DataLoader Webhelp/Content/Resources/Images/DataViewManager/add tables.gif" />
        <Url Source="Output/Carla/DataLoader Webhelp/Content/Resources/Images/DataViewManager/add tables2.gif" />
        <Url Source="Output/Carla/DataLoader Webhelp/Content/Resources/Images/DataViewManager/add tables2.png" />
        <Url Source="Output/Carla/DataLoader Webhelp/Content/Resources/Images/DataViewManager/add tables3.gif" />
        <Url Source="Output/Carla/DataLoader Webhelp/Content/Resources/Images/DataViewManager/configure structure aggregate.gif" />
        <Url Source="Output/Carla/DataLoader Webhelp/Content/Resources/Images/DataViewManager/create an alias.gif" />
        <Url Source="Output/Carla/DataLoader Webhelp/Content/Resources/Images/DataViewManager/create from existing.gif" />
        <Url Source="Output/Carla/DataLoader Webhelp/Content/Resources/Images/DataViewManager/create from existing2.gif" />
        <Url Source="Output/Carla/DataLoader Webhelp/Content/Resources/Images/DataViewManager/create from Master.gif" />
        <Url Source="Output/Carla/DataLoader Webhelp/Content/Resources/Images/DataViewManager/Dataview desc..gif" />
        <Url Source="Output/Carla/DataLoader Webhelp/Content/Resources/Images/DataViewManager/dataview description.gif" />
        <Url Source="Output/Carla/DataLoader Webhelp/Content/Resources/Images/DataViewManager/dataview submitted.gif" />
        <Url Source="Output/Carla/DataLoader Webhelp/Content/Resources/Images/DataViewManager/DB added.gif" />
        <Url Source="Output/Carla/DataLoader Webhelp/Content/Resources/Images/DataViewManager/delete a DV.gif" />
        <Url Source="Output/Carla/DataLoader Webhelp/Content/Resources/Images/DataViewManager/duplicate tables.gif" />
        <Url Source="Output/Carla/DataLoader Webhelp/Content/Resources/Images/DataViewManager/DV add table.gif" />
        <Url Source="Output/Carla/DataLoader Webhelp/Content/Resources/Images/DataViewManager/DV add table2.gif" />
        <Url Source="Output/Carla/DataLoader Webhelp/Content/Resources/Images/DataViewManager/DV editable.gif" />
        <Url Source="Output/Carla/DataLoader Webhelp/Content/Resources/Images/DataViewManager/DV from master.gif" />
        <Url Source="Output/Carla/DataLoader Webhelp/Content/Resources/Images/DataViewManager/DV manager.gif" />
        <Url Source="Output/Carla/DataLoader Webhelp/Content/Resources/Images/DataViewManager/DV tables.gif" />
        <Url Source="Output/Carla/DataLoader Webhelp/Content/Resources/Images/DataViewManager/DV tables2.gif" />
        <Url Source="Output/Carla/DataLoader Webhelp/Content/Resources/Images/DataViewManager/Edit existing.gif" />
        <Url Source="Output/Carla/DataLoader Webhelp/Content/Resources/Images/DataViewManager/edit master.gif" />
        <Url Source="Output/Carla/DataLoader Webhelp/Content/Resources/Images/DataViewManager/edit table and fields.gif" />
        <Url Source="Output/Carla/DataLoader Webhelp/Content/Resources/Images/DataViewManager/edit table options.gif" />
        <Url Source="Output/Carla/DataLoader Webhelp/Content/Resources/Images/DataViewManager/edit table.gif" />
        <Url Source="Output/Carla/DataLoader Webhelp/Content/Resources/Images/DataViewManager/edit table2.gif" />
        <Url Source="Output/Carla/DataLoader Webhelp/Content/Resources/Images/DataViewManager/edit tags.gif" />
        <Url Source="Output/Carla/DataLoader Webhelp/Content/Resources/Images/DataViewManager/edit tags2.gif" />
        <Url Source="Output/Carla/DataLoader Webhelp/Content/Resources/Images/DataViewManager/editing dataview.gif" />
        <Url Source="Output/Carla/DataLoader Webhelp/Content/Resources/Images/DataViewManager/home.gif" />
        <Url Source="Output/Carla/DataLoader Webhelp/Content/Resources/Images/DataViewManager/managing tables.gif" />
        <Url Source="Output/Carla/DataLoader Webhelp/Content/Resources/Images/DataViewManager/name and desc.gif" />
        <Url Source="Output/Carla/DataLoader Webhelp/Content/Resources/Images/DataViewManager/name and desc2.gif" />
        <Url Source="Output/Carla/DataLoader Webhelp/Content/Resources/Images/DataViewManager/Remove Schema.gif" />
        <Url Source="Output/Carla/DataLoader Webhelp/Content/Resources/Images/DataViewManager/remove schema.png" />
        <Url Source="Output/Carla/DataLoader Webhelp/Content/Resources/Images/DataViewManager/schema pwd.gif" />
        <Url Source="Output/Carla/DataLoader Webhelp/Content/Resources/Images/DataViewManager/schema selection.gif" />
        <Url Source="Output/Carla/DataLoader Webhelp/Content/Resources/Images/DataViewManager/schema selection2.gif" />
        <Url Source="Output/Carla/DataLoader Webhelp/Content/Resources/Images/DataViewManager/security settings option.gif" />
        <Url Source="Output/Carla/DataLoader Webhelp/Content/Resources/Images/DataViewManager/security settings.gif" />
        <Url Source="Output/Carla/DataLoader Webhelp/Content/Resources/Images/DataViewManager/security settings1.gif" />
        <Url Source="Output/Carla/DataLoader Webhelp/Content/Resources/Images/DataViewManager/security settings12.gif" />
        <Url Source="Output/Carla/DataLoader Webhelp/Content/Resources/Images/DataViewManager/security settings2.gif" />
        <Url Source="Output/Carla/DataLoader Webhelp/Content/Resources/Images/DataViewManager/security settings_N.gif" />
        <Url Source="Output/Carla/DataLoader Webhelp/Content/Resources/Images/DataViewManager/Select a DV to delete.gif" />
        <Url Source="Output/Carla/DataLoader Webhelp/Content/Resources/Images/DataViewManager/select an existing DV.gif" />
        <Url Source="Output/Carla/DataLoader Webhelp/Content/Resources/Images/DataViewManager/select base table.gif" />
        <Url Source="Output/Carla/DataLoader Webhelp/Content/Resources/Images/DataViewManager/select base table1.gif" />
        <Url Source="Output/Carla/DataLoader Webhelp/Content/Resources/Images/DataViewManager/select base table2.gif" />
        <Url Source="Output/Carla/DataLoader Webhelp/Content/Resources/Images/DataViewManager/select base table3.gif" />
        <Url Source="Output/Carla/DataLoader Webhelp/Content/Resources/Images/DataViewManager/select BT.gif" />
        <Url Source="Output/Carla/DataLoader Webhelp/Content/Resources/Images/DataViewManager/select database.gif" />
        <Url Source="Output/Carla/DataLoader Webhelp/Content/Resources/Images/DataViewManager/sorting options.gif" />
        <Url Source="Output/Carla/DataLoader Webhelp/Content/Resources/Images/DataViewManager/summary table.gif" />
        <Url Source="Output/Carla/DataLoader Webhelp/Content/Resources/Images/DataViewManager/tables added.gif" />
        <Url Source="Output/Carla/DataLoader Webhelp/Content/Resources/Images/DataViewManager/tables relations.gif" />
        <Url Source="Output/Carla/DataLoader Webhelp/Content/Resources/Images/DataViewManager/Tags.gif" />
        <Url Source="Output/Carla/DataLoader Webhelp/Content/Resources/Images/DataViewManager/validation summary for master.gif" />
        <Url Source="Output/Carla/DataLoader Webhelp/Content/Resources/Images/DataViewManager/validation summary.gif" />
        <Url Source="Output/Carla/DataLoader Webhelp/Content/Resources/Images/DataViewManager/validation summary2.gif" />
        <Url Source="Output/Carla/DataLoader Webhelp/Content/Resources/Images/DocManagerEnterprise/confirmation message.gif" />
        <Url Source="Output/Carla/DataLoader Webhelp/Content/Resources/Images/DocManagerEnterprise/Doc Manager.gif" />
        <Url Source="Output/Carla/DataLoader Webhelp/Content/Resources/Images/DocManagerEnterprise/docmanager main menu.gif" />
        <Url Source="Output/Carla/DataLoader Webhelp/Content/Resources/Images/DocManagerEnterprise/document details.gif" />
        <Url Source="Output/Carla/DataLoader Webhelp/Content/Resources/Images/DocManagerEnterprise/global_batch_1.gif" />
        <Url Source="Output/Carla/DataLoader Webhelp/Content/Resources/Images/DocManagerEnterprise/main_page_1.gif" />
        <Url Source="Output/Carla/DataLoader Webhelp/Content/Resources/Images/DocManagerEnterprise/search form.gif" />
        <Url Source="Output/Carla/DataLoader Webhelp/Content/Resources/Images/DocManagerEnterprise/search page.gif" />
        <Url Source="Output/Carla/DataLoader Webhelp/Content/Resources/Images/DocManagerEnterprise/search results.gif" />
        <Url Source="Output/Carla/DataLoader Webhelp/Content/Resources/Images/DocManagerEnterprise/submit documents.gif" />
        <Url Source="Output/Carla/DataLoader Webhelp/Content/Resources/Images/DocManagerEnterprise/view recent page.gif" />
        <Url Source="Output/Carla/DataLoader Webhelp/Content/Resources/Images/Drug Degradation Images/add a degradant.gif" />
        <Url Source="Output/Carla/DataLoader Webhelp/Content/Resources/Images/Drug Degradation Images/add degradant.gif" />
        <Url Source="Output/Carla/DataLoader Webhelp/Content/Resources/Images/Drug Degradation Images/add experiment.gif" />
        <Url Source="Output/Carla/DataLoader Webhelp/Content/Resources/Images/Drug Degradation Images/add mechanism.gif" />
        <Url Source="Output/Carla/DataLoader Webhelp/Content/Resources/Images/Drug Degradation Images/add parent compound.gif" />
        <Url Source="Output/Carla/DataLoader Webhelp/Content/Resources/Images/Drug Degradation Images/add parent.gif" />
        <Url Source="Output/Carla/DataLoader Webhelp/Content/Resources/Images/Drug Degradation Images/cboe main page.gif" />
        <Url Source="Output/Carla/DataLoader Webhelp/Content/Resources/Images/Drug Degradation Images/change text.gif" />
        <Url Source="Output/Carla/DataLoader Webhelp/Content/Resources/Images/Drug Degradation Images/deg condition.gif" />
        <Url Source="Output/Carla/DataLoader Webhelp/Content/Resources/Images/Drug Degradation Images/delete FG.gif" />
        <Url Source="Output/Carla/DataLoader Webhelp/Content/Resources/Images/Drug Degradation Images/drawing mechanism.gif" />
        <Url Source="Output/Carla/DataLoader Webhelp/Content/Resources/Images/Drug Degradation Images/drug degradation main page.gif" />
        <Url Source="Output/Carla/DataLoader Webhelp/Content/Resources/Images/Drug Degradation Images/edit record option.gif" />
        <Url Source="Output/Carla/DataLoader Webhelp/Content/Resources/Images/Drug Degradation Images/edit record.gif" />
        <Url Source="Output/Carla/DataLoader Webhelp/Content/Resources/Images/Drug Degradation Images/ester func group.gif" />
        <Url Source="Output/Carla/DataLoader Webhelp/Content/Resources/Images/Drug Degradation Images/func group added.gif" />
        <Url Source="Output/Carla/DataLoader Webhelp/Content/Resources/Images/Drug Degradation Images/manage salts.gif" />
        <Url Source="Output/Carla/DataLoader Webhelp/Content/Resources/Images/Drug Degradation Images/record added.gif" />
        <Url Source="Output/Carla/DataLoader Webhelp/Content/Resources/Images/Drug Degradation Images/search form.gif" />
        <Url Source="Output/Carla/DataLoader Webhelp/Content/Resources/Images/Drug Degradation Images/show details.gif" />
        <Url Source="Output/Carla/DataLoader Webhelp/Content/Resources/Images/Drug Degradation Images/update condition.gif" />
        <Url Source="Output/Carla/DataLoader Webhelp/Content/Resources/Images/Drug Degradation Images/update salt.gif" />
        <Url Source="Output/Carla/DataLoader Webhelp/Content/Resources/Images/Drug Degradation Images/update.gif" />
        <Url Source="Output/Carla/DataLoader Webhelp/Content/Resources/Images/Registration/add a picklist row.gif" />
        <Url Source="Output/Carla/DataLoader Webhelp/Content/Resources/Images/Registration/add fragments.gif" />
        <Url Source="Output/Carla/DataLoader Webhelp/Content/Resources/Images/Registration/add project info.gif" />
        <Url Source="Output/Carla/DataLoader Webhelp/Content/Resources/Images/Registration/add projects.gif" />
        <Url Source="Output/Carla/DataLoader Webhelp/Content/Resources/Images/Registration/app settings tab.gif" />
        <Url Source="Output/Carla/DataLoader Webhelp/Content/Resources/Images/Registration/boolean type.gif" />
        <Url Source="Output/Carla/DataLoader Webhelp/Content/Resources/Images/Registration/CBOE main page.gif" />
        <Url Source="Output/Carla/DataLoader Webhelp/Content/Resources/Images/Registration/chemdraw calculations addin.gif" />
        <Url Source="Output/Carla/DataLoader Webhelp/Content/Resources/Images/Registration/customize forms link.gif" />
        <Url Source="Output/Carla/DataLoader Webhelp/Content/Resources/Images/Registration/date type.gif" />
        <Url Source="Output/Carla/DataLoader Webhelp/Content/Resources/Images/Registration/display types.gif" />
        <Url Source="Output/Carla/DataLoader Webhelp/Content/Resources/Images/Registration/edit sites.gif" />
        <Url Source="Output/Carla/DataLoader Webhelp/Content/Resources/Images/Registration/find custom field duplicates.gif" />
        <Url Source="Output/Carla/DataLoader Webhelp/Content/Resources/Images/Registration/float type.gif" />
        <Url Source="Output/Carla/DataLoader Webhelp/Content/Resources/Images/Registration/forms customization window.gif" />
        <Url Source="Output/Carla/DataLoader Webhelp/Content/Resources/Images/Registration/fragment description.gif" />
        <Url Source="Output/Carla/DataLoader Webhelp/Content/Resources/Images/Registration/fragment types.gif" />
        <Url Source="Output/Carla/DataLoader Webhelp/Content/Resources/Images/Registration/fragments table.gif" />
        <Url Source="Output/Carla/DataLoader Webhelp/Content/Resources/Images/Registration/identifiers types.gif" />
        <Url Source="Output/Carla/DataLoader Webhelp/Content/Resources/Images/Registration/import-export dialog.gif" />
        <Url Source="Output/Carla/DataLoader Webhelp/Content/Resources/Images/Registration/import-export dialog_909x581.gif" />
        <Url Source="Output/Carla/DataLoader Webhelp/Content/Resources/Images/Registration/integer type.gif" />
        <Url Source="Output/Carla/DataLoader Webhelp/Content/Resources/Images/Registration/Inv Integration.gif" />
        <Url Source="Output/Carla/DataLoader Webhelp/Content/Resources/Images/Registration/manage addins.gif" />
        <Url Source="Output/Carla/DataLoader Webhelp/Content/Resources/Images/Registration/manage addinsn link.gif" />
        <Url Source="Output/Carla/DataLoader Webhelp/Content/Resources/Images/Registration/manage data properties link.gif" />
        <Url Source="Output/Carla/DataLoader Webhelp/Content/Resources/Images/Registration/manage data properties.gif" />
        <Url Source="Output/Carla/DataLoader Webhelp/Content/Resources/Images/Registration/new addin.gif" />
        <Url Source="Output/Carla/DataLoader Webhelp/Content/Resources/Images/Registration/new identifier.gif" />
        <Url Source="Output/Carla/DataLoader Webhelp/Content/Resources/Images/Registration/new picklist property.gif" />
        <Url Source="Output/Carla/DataLoader Webhelp/Content/Resources/Images/Registration/new validation rule.gif" />
        <Url Source="Output/Carla/DataLoader Webhelp/Content/Resources/Images/Registration/normalized structure addin.gif" />
        <Url Source="Output/Carla/DataLoader Webhelp/Content/Resources/Images/Registration/number type.gif" />
        <Url Source="Output/Carla/DataLoader Webhelp/Content/Resources/Images/Registration/picklist table.gif" />
        <Url Source="Output/Carla/DataLoader Webhelp/Content/Resources/Images/Registration/picklist values.gif" />
        <Url Source="Output/Carla/DataLoader Webhelp/Content/Resources/Images/Registration/picklistdomain.gif" />
        <Url Source="Output/Carla/DataLoader Webhelp/Content/Resources/Images/Registration/Projects field.gif" />
        <Url Source="Output/Carla/DataLoader Webhelp/Content/Resources/Images/Registration/Reg system settings.gif" />
        <Url Source="Output/Carla/DataLoader Webhelp/Content/Resources/Images/Registration/registration admin.gif" />
        <Url Source="Output/Carla/DataLoader Webhelp/Content/Resources/Images/Registration/registration relationships.gif" />
        <Url Source="Output/Carla/DataLoader Webhelp/Content/Resources/Images/Registration/registration system.gif" />
        <Url Source="Output/Carla/DataLoader Webhelp/Content/Resources/Images/Registration/Registry record.gif" />
        <Url Source="Output/Carla/DataLoader Webhelp/Content/Resources/Images/Registration/salt stripping config.gif" />
        <Url Source="Output/Carla/DataLoader Webhelp/Content/Resources/Images/Registration/sequences info.gif" />
        <Url Source="Output/Carla/DataLoader Webhelp/Content/Resources/Images/Registration/sequences.gif" />
        <Url Source="Output/Carla/DataLoader Webhelp/Content/Resources/Images/Registration/sites table.gif" />
        <Url Source="Output/Carla/DataLoader Webhelp/Content/Resources/Images/Registration/structure aggregation addin.gif" />
        <Url Source="Output/Carla/DataLoader Webhelp/Content/Resources/Images/Registration/system settings.gif" />
        <Url Source="Output/Carla/DataLoader Webhelp/Content/Resources/Images/Registration/Table editor people.gif" />
        <Url Source="Output/Carla/DataLoader Webhelp/Content/Resources/Images/Registration/table editor.gif" />
        <Url Source="Output/Carla/DataLoader Webhelp/Content/Resources/Images/Registration/text type.gif" />
        <Url Source="Output/Carla/DataLoader Webhelp/Content/Resources/Images/Registration/text validation rule.gif" />
        <Url Source="Output/Carla/DataLoader Webhelp/Content/Resources/Images/Registration/validation rules button.gif" />
        <Url Source="Output/Carla/DataLoader Webhelp/Content/Resources/Images/Registration/validation rules.gif" />
        <Url Source="Output/Carla/DataLoader Webhelp/Content/Resources/Stylesheets/Styles.css" />
        <Url Source="Output/Carla/DataLoader Webhelp/Content/DataLoader/Data Loader Introduction.htm" />
        <Url Source="Output/Carla/DataLoader Webhelp/Content/DataLoader/The Command-Line Version of Data Loader.htm" />
        <Url Source="Output/Carla/DataLoader Webhelp/Content/DataLoader/The Command-Line Actions.htm" />
        <Url Source="Output/Carla/DataLoader Webhelp/Content/DataLoader/Anatomy of the Command-Line.htm" />
        <Url Source="Output/Carla/DataLoader Webhelp/Content/DataLoader/Individual Mapping Templates.htm" />
        <Url Source="Output/Carla/DataLoader Webhelp/Content/DataLoader/Extended Mapping Features.htm" />
        <Url Source="Output/Carla/DataLoader Webhelp/Content/DataLoader/Enabling the Pre-Load Record Matching.htm" />
        <Url Source="Output/Carla/DataLoader Webhelp/Content/DataLoader/Optimizations for Bulk Loading.htm" />
        <Url Source="Output/Carla/DataLoader Webhelp/Content/DataLoader/Read Records from the Source File.htm" />
        <Url Source="Output/Carla/DataLoader Webhelp/Content/DataLoader/Validate Properties Values.htm" />
        <Url Source="Output/Carla/DataLoader Webhelp/Content/DataLoader/Send Records to Application Server.htm" />
        <Url Source="Output/Carla/DataLoader Webhelp/Content/DataLoader/Execute Addins.htm" />
        <Url Source="Output/Carla/DataLoader Webhelp/Content/DataLoader/Chemical Structure Duplicate Check.htm" />
        <Url Source="Output/Carla/DataLoader Webhelp/Content/DataLoader/Extended Duplicate Checking.htm" />
        <Url Source="Output/Carla/DataLoader Webhelp/Content/DataLoader/Parse and Insert Records into Oracle Tables.htm" />
        <Url Source="Output/Carla/DataLoader Webhelp/Content/DataLoader/Index Chemical Documents with CsCartridge.htm" />
        <Url Source="Output/Carla/DataLoader Webhelp/Content/DataLoader/Disable Refresh of  Oracle Materialized Views.htm" />
        <Url Source="Output/Carla/DataLoader Webhelp/Content/DataLoader/Fetch Newly Inserted Record.htm" />
        <Url Source="Output/Carla/DataLoader Webhelp/Content/DataLoader/Oracle Optimizer Statistics.htm" />
        <Url Source="Output/Carla/DataLoader Webhelp/Content/DataLoader/Missing Indexes.htm" />
        <Url Source="Output/Carla/DataLoader Webhelp/Content/DataLoader/Application Tracing.htm" />
        <Url Source="Output/Carla/DataLoader Webhelp/Content/DataLoader/Oracle Tracing.htm" />
        <Url Source="Output/Carla/DataLoader Webhelp/Content/DataLoader/Sample Optimization SQL Scripts.htm" />
        <Url Source="Output/Carla/DataLoader Webhelp/Content/DataLoader/XML Mapping Template for Data Loader.htm" />
        <Url Source="Output/Carla/DataLoader Webhelp/Content/DataLoader/Workflow.htm" />
        <Url Source="Output/Carla/DataLoader Webhelp/Content/DataLoader/Adding Data.htm" />
        <Url Source="Output/Carla/DataLoader Webhelp/Content/DataLoader/Exporting Data.htm" />
        <Url Source="Output/Carla/DataLoader Webhelp/Content/DataLoader/Importing a Data File to Load.htm" />
        <Url Source="Output/Carla/DataLoader Webhelp/Content/DataLoader/Mapping Input and Output Fields.htm" />
        <Url Source="Output/Carla/DataLoader Webhelp/Content/DataLoader/Configuring Job Settings.htm" />
        <Url Source="Output/Carla/DataLoader Webhelp/Content/DataLoader/Accessing Data Loader.htm" />
        <Url Source="Output/Carla/DataLoader Webhelp/Content/DataLoader/Getting Help.htm" />
        <Url Source="Output/Carla/DataLoader Webhelp/Content/DataLoader/Working with Registration Enterprise.htm" />
        <Url Source="Output/Carla/DataLoader Webhelp/Content/DataLoader/Loading Substances.htm" />
        <Url Source="Output/Carla/DataLoader Webhelp/Content/DataLoader/Updating Batch Data.htm" />
        <Url Source="Output/Carla/DataLoader Webhelp/Content/DataLoader/Sorting Data.htm" />
        <Url Source="Output/Carla/DataLoader Webhelp/Content/DataLoader/Exporting Data to a Text File.htm" />
        <Url Source="Output/Carla/DataLoader Webhelp/Content/DataLoader/Exporting Data to an XML.htm" />
        <Url Source="Output/Carla/DataLoader Webhelp/Content/DataLoader/Managing Jobs.htm" />
        <Url Source="Output/Carla/DataLoader Webhelp/Content/DataLoader/Saving a Job.htm" />
        <Url Source="Output/Carla/DataLoader Webhelp/Content/DataLoader/Loading a Saved Job.htm" />
        <Url Source="Output/Carla/DataLoader Webhelp/Content/DataLoader/Viewing Job Summary.htm" />
        <Url Source="Output/Carla/DataLoader Webhelp/Content/DataLoader/Output Fields.htm" />
        <Url Source="Output/Carla/DataLoader Webhelp/Content/DataLoader/Registration Information.htm" />
        <Url Source="Output/Carla/DataLoader Webhelp/Content/DataLoader/Component Information.htm" />
        <Url Source="Output/Carla/DataLoader Webhelp/Content/DataLoader/Fragment Information.htm" />
        <Url Source="Output/Carla/DataLoader Webhelp/Content/DataLoader/Batch Information.htm" />
        <Url Source="Output/Carla/DataLoader Webhelp/Content/DataLoader/Functions.htm" />
        <Url Source="Output/Carla/DataLoader Webhelp/Content/DataLoader/Boolean Functions.htm" />
        <Url Source="Output/Carla/DataLoader Webhelp/Content/DataLoader/Char Functions.htm" />
        <Url Source="Output/Carla/DataLoader Webhelp/Content/DataLoader/CharArray Functions.htm" />
        <Url Source="Output/Carla/DataLoader Webhelp/Content/DataLoader/DateTime Functions.htm" />
        <Url Source="Output/Carla/DataLoader Webhelp/Content/DataLoader/Decimal Functions.htm" />
        <Url Source="Output/Carla/DataLoader Webhelp/Content/DataLoader/Integer Functions.htm" />
        <Url Source="Output/Carla/DataLoader Webhelp/Content/DataLoader/String Functions.htm" />
        <Url Source="Output/Carla/DataLoader Webhelp/Content/DataLoader/StringArray Functions.htm" />
        <Url Source="Output/Carla/DataLoader Webhelp/Content/DataLoader/New Data Loader.htm" />
        <Url Source="Output/Carla/DataLoader Webhelp/Content/DataLoader/Accessing the New Data Loader.htm" />
        <Url Source="Output/Carla/DataLoader Webhelp/Content/Adding a Group.htm" />
        <Url Source="Output/Carla/DataLoader Webhelp/Content/Adding User to a Group.htm" />
        <Url Source="Output/Carla/DataLoader Webhelp/Content/ChemBioOffice Enterprise.htm" />
        <Url Source="Output/Carla/DataLoader Webhelp/Content/ChemBioOffice Security.htm" />
        <Url Source="Output/Carla/DataLoader Webhelp/Content/Editing a Group.htm" />
        <Url Source="Output/Carla/DataLoader Webhelp/Content/Enabling Group Security.htm" />
        <Url Source="Output/Carla/DataLoader Webhelp/Content/Logging In to CBOE Manager.htm" />
        <Url Source="Output/Carla/DataLoader Webhelp/Content/Manage Group Section.htm" />
        <Url Source="Output/Carla/DataLoader Webhelp/Content/Managing Groups.htm" />
        <Url Source="Output/Carla/DataLoader Webhelp/Content/Managing Roles.htm" />
        <Url Source="Output/Carla/DataLoader Webhelp/Content/Managing Users.htm" />
        <Url Source="Output/Carla/DataLoader Webhelp/Content/Moving a Group.htm" />
        <Url Source="Output/Carla/DataLoader Webhelp/Content/Moving Users.htm" />
        <Url Source="Output/Carla/DataLoader Webhelp/Content/Removing a Group.htm" />
        <Url Source="Output/Carla/DataLoader Webhelp/Content/Removing Users.htm" />
        <Url Source="Output/Carla/DataLoader Webhelp/Content/Super Users.htm" />
        <Url Source="Output/Carla/DataLoader Webhelp/Content/Topic.htm" />
        <Url Source="Output/Carla/DataLoader Webhelp/Content/Using the WebHelp.htm" />
        <Url Source="Output/Carla/DataLoader Webhelp/Content/Viewing Users Details.htm" />
        <Url Source="Output/Carla/DataLoader Webhelp/Data/Synonyms.xml" />
        <Url Source="Output/Carla/DataLoader Webhelp/Data/Alias.xml" />
        <Url Source="Output/Carla/DataLoader Webhelp/Data/Toc.xml" />
        <Url Source="Output/Carla/DataLoader Webhelp/Data/Index.xml" />
        <Url Source="Output/Carla/DataLoader Webhelp/Data/Concepts.xml" />
        <Url Source="Output/Carla/DataLoader Webhelp/Data/Search_Chunk1.xml" />
        <Url Source="Output/Carla/DataLoader Webhelp/Data/Search_Chunk2.xml" />
        <Url Source="Output/Carla/DataLoader Webhelp/Data/Search_Chunk3.xml" />
        <Url Source="Output/Carla/DataLoader Webhelp/Data/Search_Chunk4.xml" />
        <Url Source="Output/Carla/DataLoader Webhelp/Data/Search_Chunk5.xml" />
        <Url Source="Output/Carla/DataLoader Webhelp/Data/Search_Chunk6.xml" />
        <Url Source="Output/Carla/DataLoader Webhelp/Data/Search_Chunk7.xml" />
        <Url Source="Output/Carla/DataLoader Webhelp/Data/Search_Chunk8.xml" />
        <Url Source="Output/Carla/DataLoader Webhelp/Data/Search_Chunk9.xml" />
        <Url Source="Output/Carla/DataLoader Webhelp/Data/Search_Chunk10.xml" />
        <Url Source="Output/Carla/DataLoader Webhelp/Data/Search_Chunk11.xml" />
        <Url Source="Output/Carla/DataLoader Webhelp/Data/Search_Chunk12.xml" />
        <Url Source="Output/Carla/DataLoader Webhelp/Data/Search_Chunk13.xml" />
        <Url Source="Output/Carla/DataLoader Webhelp/Data/Search_Chunk14.xml" />
        <Url Source="Output/Carla/DataLoader Webhelp/Data/Search_Chunk15.xml" />
        <Url Source="Output/Carla/DataLoader Webhelp/Data/Search_Chunk16.xml" />
        <Url Source="Output/Carla/DataLoader Webhelp/Data/Search_Chunk17.xml" />
        <Url Source="Output/Carla/DataLoader Webhelp/Data/Search_Chunk18.xml" />
        <Url Source="Output/Carla/DataLoader Webhelp/Data/Search_Chunk19.xml" />
        <Url Source="Output/Carla/DataLoader Webhelp/Data/Search_Chunk20.xml" />
        <Url Source="Output/Carla/DataLoader Webhelp/Data/Search_Chunk21.xml" />
        <Url Source="Output/Carla/DataLoader Webhelp/Data/Search_Chunk22.xml" />
        <Url Source="Output/Carla/DataLoader Webhelp/Data/Search_Chunk23.xml" />
        <Url Source="Output/Carla/DataLoader Webhelp/Data/Search_Chunk24.xml" />
        <Url Source="Output/Carla/DataLoader Webhelp/Data/Search_Chunk25.xml" />
        <Url Source="Output/Carla/DataLoader Webhelp/Skin/Blank.htm" />
        <Url Source="Output/Carla/DataLoader Webhelp/Skin/Blank.htm" />
        <Url Source="Output/Carla/DataLoader Webhelp/Skin/Blank.htm" />
        <Url Source="Output/Carla/DataLoader Webhelp/Default.htm" />
        <Url Source="Output/Carla/DataLoader Webhelp/Skin/Toolbar.htm" />
        <Url Source="Output/Carla/DataLoader Webhelp/Skin/Navigation.htm" />
        <Url Source="Output/Carla/DataLoader Webhelp/Skin/Toc.htm" />
        <Url Source="Output/Carla/DataLoader Webhelp/Skin/Index.htm" />
        <Url Source="Output/Carla/DataLoader Webhelp/Skin/Search.htm" />
        <Url Source="Output/Carla/DataLoader Webhelp/Content/Glossary.xml" />
        <Url Source="Output/Carla/DataLoader Webhelp/Skin/BrowseSequences.htm" />
        <Url Source="Output/Carla/DataLoader Webhelp/Skin/Favorites.htm" />
        <Url Source="Output/Carla/DataLoader Webhelp/Skin/TopicComments.htm" />
        <Url Source="Output/Carla/DataLoader Webhelp/Default.mcwebhelp" />
        <Url Source="Output/Carla/DataLoader Webhelp/Data/HelpSystem.xml" />
        <Url Source="Output/Carla/DataLoader Webhelp/Default.htm" />
    </Files>
    <Skins>
        <Url Source="Output/Carla/DataLoader Webhelp/Data/SkinDataLoader Skin/Skin.xml" />
        <Url Source="Output/Carla/DataLoader Webhelp/Data/SkinDataview Manager Skin/Skin.xml" />
        <Url Source="Output/Carla/DataLoader Webhelp/Data/SkinDefault/Skin.xml" />
    </Skins>
</CatapultTargetOutput>